<?xml version="1.0" encoding="UTF-8"?>
<coverage generated="1656329405070" clover="3.2.0">
  <project timestamp="1656329405070" name="All files">
    <metrics statements="27" coveredstatements="23" conditionals="10" coveredconditionals="9" methods="6" coveredmethods="4" elements="43" coveredelements="36" complexity="0" loc="27" ncloc="27" packages="1" files="2" classes="2"/>
    <file name="index-router.ts" path="/Users/jnlp/WebstormProjects/phuture-sdk/packages/index-router/src/index-router.ts">
      <metrics statements="26" coveredstatements="22" conditionals="10" coveredconditionals="9" methods="6" coveredmethods="4"/>
      <line num="3" count="1" type="stmt"/>
      <line num="5" count="1" type="stmt"/>
      <line num="12" count="1" type="cond" truecount="2" falsecount="0"/>
      <line num="14" count="1" type="stmt"/>
      <line num="20" count="1" type="stmt"/>
      <line num="36" count="7" type="cond" truecount="0" falsecount="1"/>
      <line num="40" count="7" type="stmt"/>
      <line num="42" count="7" type="cond" truecount="2" falsecount="0"/>
      <line num="43" count="1" type="cond" truecount="1" falsecount="0"/>
      <line num="44" count="1" type="stmt"/>
      <line num="46" count="0" type="stmt"/>
      <line num="48" count="6" type="stmt"/>
      <line num="52" count="1" type="stmt"/>
      <line num="53" count="0" type="stmt"/>
      <line num="57" count="0" type="stmt"/>
      <line num="58" count="0" type="stmt"/>
      <line num="83" count="1" type="stmt"/>
      <line num="89" count="4" type="cond" truecount="1" falsecount="0"/>
      <line num="90" count="1" type="stmt"/>
      <line num="96" count="3" type="cond" truecount="1" falsecount="0"/>
      <line num="97" count="1" type="stmt"/>
      <line num="106" count="2" type="cond" truecount="1" falsecount="0"/>
      <line num="107" count="2" type="stmt"/>
      <line num="110" count="2" type="cond" truecount="1" falsecount="0"/>
      <line num="112" count="1" type="stmt"/>
      <line num="159" count="1" type="stmt"/>
    </file>
    <file name="index.ts" path="/Users/jnlp/WebstormProjects/phuture-sdk/packages/index-router/src/index.ts">
      <metrics statements="1" coveredstatements="1" conditionals="0" coveredconditionals="0" methods="0" coveredmethods="0"/>
      <line num="1" count="1" type="stmt"/>
    </file>
  </project>
</coverage>
