{
	"/Users/jnlp/WebstormProjects/phuture-sdk/packages/index-router/src/index-router.ts": {
		"path": "/Users/jnlp/WebstormProjects/phuture-sdk/packages/index-router/src/index-router.ts",
		"statementMap": {
			"0": {
				"start": { "line": 3, "column": 0 },
				"end": { "line": 3, "column": 72 }
			},
			"1": {
				"start": { "line": 5, "column": 0 },
				"end": { "line": 5, "column": null }
			},
			"2": {
				"start": { "line": 12, "column": 0 },
				"end": { "line": 12, "column": null }
			},
			"3": {
				"start": { "line": 14, "column": 1 },
				"end": { "line": 14, "column": null }
			},
			"4": {
				"start": { "line": 20, "column": 0 },
				"end": { "line": 20, "column": 13 }
			},
			"5": {
				"start": { "line": 36, "column": 2 },
				"end": { "line": 38, "column": null }
			},
			"6": {
				"start": { "line": 40, "column": 2 },
				"end": { "line": 40, "column": 24 }
			},
			"7": {
				"start": { "line": 42, "column": 2 },
				"end": { "line": 49, "column": null }
			},
			"8": {
				"start": { "line": 43, "column": 3 },
				"end": { "line": 44, "column": 65 }
			},
			"9": {
				"start": { "line": 44, "column": 4 },
				"end": { "line": 44, "column": 65 }
			},
			"10": {
				"start": { "line": 46, "column": 3 },
				"end": { "line": 46, "column": 72 }
			},
			"11": {
				"start": { "line": 48, "column": 3 },
				"end": { "line": 48, "column": 28 }
			},
			"12": {
				"start": { "line": 52, "column": 1 },
				"end": { "line": 54, "column": null }
			},
			"13": {
				"start": { "line": 53, "column": 2 },
				"end": { "line": 53, "column": 22 }
			},
			"14": {
				"start": { "line": 57, "column": 2 },
				"end": { "line": 57, "column": 24 }
			},
			"15": {
				"start": { "line": 58, "column": 2 },
				"end": { "line": 61, "column": 4 }
			},
			"16": {
				"start": { "line": 83, "column": 7 },
				"end": { "line": 113, "column": null }
			},
			"17": {
				"start": { "line": 89, "column": 2 },
				"end": { "line": 94, "column": null }
			},
			"18": {
				"start": { "line": 90, "column": 3 },
				"end": { "line": 93, "column": 5 }
			},
			"19": {
				"start": { "line": 96, "column": 2 },
				"end": { "line": 104, "column": null }
			},
			"20": {
				"start": { "line": 97, "column": 3 },
				"end": { "line": 103, "column": 5 }
			},
			"21": {
				"start": { "line": 106, "column": 26 },
				"end": { "line": 106, "column": null }
			},
			"22": {
				"start": { "line": 107, "column": 3 },
				"end": { "line": 107, "column": null }
			},
			"23": {
				"start": { "line": 106, "column": 20 },
				"end": { "line": 109, "column": null }
			},
			"24": {
				"start": { "line": 106, "column": 8 },
				"end": { "line": 109, "column": null }
			},
			"25": {
				"start": { "line": 110, "column": 2 },
				"end": { "line": 110, "column": 74 }
			},
			"26": {
				"start": { "line": 110, "column": 32 },
				"end": { "line": 110, "column": 74 }
			},
			"27": {
				"start": { "line": 112, "column": 2 },
				"end": { "line": 112, "column": 78 }
			},
			"28": {
				"start": { "line": 159, "column": 0 },
				"end": { "line": 159, "column": null }
			},
			"29": {
				"start": { "line": 20, "column": 13 },
				"end": { "line": 20, "column": 24 }
			}
		},
		"fnMap": {
			"0": {
				"name": "(anonymous_13)",
				"decl": {
					"start": { "line": 12, "column": 0 },
					"end": { "line": 12, "column": 12 }
				},
				"loc": {
					"start": { "line": 12, "column": 37 },
					"end": { "line": 15, "column": 1 }
				}
			},
			"1": {
				"name": "(anonymous_14)",
				"decl": {
					"start": { "line": 20, "column": 0 },
					"end": { "line": 20, "column": 13 }
				},
				"loc": {
					"start": { "line": 20, "column": 0 },
					"end": { "line": 159, "column": null }
				}
			},
			"2": {
				"name": "IndexRouter",
				"decl": {
					"start": { "line": 34, "column": 1 },
					"end": { "line": 34, "column": null }
				},
				"loc": {
					"start": { "line": 38, "column": 48 },
					"end": { "line": 50, "column": 2 }
				}
			},
			"3": {
				"name": "(anonymous_16)",
				"decl": {
					"start": { "line": 52, "column": 1 },
					"end": { "line": 52, "column": 5 }
				},
				"loc": {
					"start": { "line": 52, "column": 1 },
					"end": { "line": 54, "column": 2 }
				}
			},
			"4": {
				"name": "(anonymous_17)",
				"decl": {
					"start": { "line": 56, "column": 1 },
					"end": { "line": 56, "column": 12 }
				},
				"loc": {
					"start": { "line": 56, "column": 26 },
					"end": { "line": 62, "column": 2 }
				}
			},
			"5": {
				"name": "(anonymous_18)",
				"decl": {
					"start": { "line": 83, "column": 1 },
					"end": { "line": 83, "column": 7 }
				},
				"loc": {
					"start": { "line": 87, "column": 57 },
					"end": { "line": 113, "column": null }
				}
			}
		},
		"branchMap": {
			"0": {
				"loc": {
					"start": { "line": 12, "column": 12 },
					"end": { "line": 12, "column": null }
				},
				"type": "binary-expr",
				"locations": [
					{
						"start": { "line": 12, "column": 12 },
						"end": { "line": 12, "column": 37 }
					},
					{
						"start": { "line": 12, "column": 12 },
						"end": { "line": 12, "column": null }
					}
				]
			},
			"1": {
				"loc": {
					"start": { "line": 36, "column": 2 },
					"end": { "line": 38, "column": null }
				},
				"type": "if",
				"locations": [
					{
						"start": { "line": 36, "column": 2 },
						"end": { "line": 38, "column": null }
					}
				]
			},
			"2": {
				"loc": {
					"start": { "line": 42, "column": 2 },
					"end": { "line": 49, "column": null }
				},
				"type": "if",
				"locations": [
					{
						"start": { "line": 42, "column": 2 },
						"end": { "line": 49, "column": null }
					},
					{
						"start": { "line": 47, "column": 9 },
						"end": { "line": 49, "column": null }
					}
				]
			},
			"3": {
				"loc": {
					"start": { "line": 43, "column": 3 },
					"end": { "line": 44, "column": 65 }
				},
				"type": "if",
				"locations": [
					{
						"start": { "line": 43, "column": 3 },
						"end": { "line": 44, "column": 65 }
					}
				]
			},
			"4": {
				"loc": {
					"start": { "line": 106, "column": 20 },
					"end": { "line": 109, "column": null }
				},
				"type": "switch",
				"locations": [
					{
						"start": { "line": 106, "column": 20 },
						"end": { "line": 109, "column": null }
					}
				]
			},
			"5": {
				"loc": {
					"start": { "line": 89, "column": 2 },
					"end": { "line": 94, "column": null }
				},
				"type": "if",
				"locations": [
					{
						"start": { "line": 89, "column": 2 },
						"end": { "line": 94, "column": null }
					}
				]
			},
			"6": {
				"loc": {
					"start": { "line": 96, "column": 2 },
					"end": { "line": 104, "column": null }
				},
				"type": "if",
				"locations": [
					{
						"start": { "line": 96, "column": 2 },
						"end": { "line": 104, "column": null }
					}
				]
			},
			"7": {
				"loc": {
					"start": { "line": 110, "column": 2 },
					"end": { "line": 110, "column": 74 }
				},
				"type": "if",
				"locations": [
					{
						"start": { "line": 110, "column": 2 },
						"end": { "line": 110, "column": 74 }
					}
				]
			}
		},
		"s": {
			"0": 1,
			"1": 1,
			"2": 1,
			"3": 1,
			"4": 1,
			"5": 7,
			"6": 7,
			"7": 7,
			"8": 1,
			"9": 1,
			"10": 0,
			"11": 6,
			"12": 1,
			"13": 0,
			"14": 0,
			"15": 0,
			"16": 1,
			"17": 4,
			"18": 1,
			"19": 3,
			"20": 1,
			"21": 2,
			"22": 2,
			"23": 2,
			"24": 2,
			"25": 2,
			"26": 1,
			"27": 1,
			"28": 1,
			"29": 1
		},
		"f": { "0": 1, "1": 1, "2": 7, "3": 0, "4": 0, "5": 4 },
		"b": {
			"0": [1, 1],
			"1": [0],
			"2": [1, 6],
			"3": [1],
			"4": [2],
			"5": [1],
			"6": [1],
			"7": [1]
		}
	},
	"/Users/jnlp/WebstormProjects/phuture-sdk/packages/index-router/src/index.ts": {
		"path": "/Users/jnlp/WebstormProjects/phuture-sdk/packages/index-router/src/index.ts",
		"statementMap": {
			"0": {
				"start": { "line": 1, "column": 0 },
				"end": { "line": 1, "column": 31 }
			}
		},
		"fnMap": {},
		"branchMap": {},
		"s": { "0": 1 },
		"f": {},
		"b": {}
	}
}
