TN:
SF:src/index-router.ts
FN:12,(anonymous_13)
FN:20,(anonymous_14)
FN:34,IndexRouter
FN:52,(anonymous_16)
FN:56,(anonymous_17)
FN:83,(anonymous_18)
FNF:6
FNH:4
FNDA:1,(anonymous_13)
FNDA:1,(anonymous_14)
FNDA:7,IndexRouter
FNDA:0,(anonymous_16)
FNDA:0,(anonymous_17)
FNDA:4,(anonymous_18)
DA:3,1
DA:5,1
DA:12,1
DA:14,1
DA:20,1
DA:36,7
DA:40,7
DA:42,7
DA:43,1
DA:44,1
DA:46,0
DA:48,6
DA:52,1
DA:53,0
DA:57,0
DA:58,0
DA:83,1
DA:89,4
DA:90,1
DA:96,3
DA:97,1
DA:106,2
DA:107,2
DA:110,2
DA:112,1
DA:159,1
LF:26
LH:22
BRDA:12,0,0,1
BRDA:12,0,1,1
BRDA:36,1,0,0
BRDA:42,2,0,1
BRDA:42,2,1,6
BRDA:43,3,0,1
BRDA:106,4,0,2
BRDA:89,5,0,1
BRDA:96,6,0,1
BRDA:110,7,0,1
BRF:10
BRH:9
end_of_record
TN:
SF:src/index.ts
FNF:0
FNH:0
DA:1,1
LF:1
LH:1
BRF:0
BRH:0
end_of_record
